<?xml version="1.0" encoding="UTF-8"?>
<!-- Generated by org.testng.reporters.JUnitReportReporter -->
<testsuite hostname="LAPTOP-GAF35F4H" failures="0" tests="1" name="myseltest.DOMPrinter" time="3.213" errors="0" timestamp="2025-08-25T19:20:27 GMT-04:00" skipped="0">
  <testcase classname="myseltest.DOMPrinter" name="getDOMPrinter" time="3.213"/>
</testsuite> <!-- myseltest.DOMPrinter -->
